<!DOCTYPE html PUBLIC "-//W3C//DTD XHTML 1.1//EN" "http://www.w3.org/TR/xhtml11/DTD/xhtml11.dtd">
<html xmlns="http://www.w3.org/1999/xhtml"><head><title>TestNG Report</title><style type="text/css">table {margin-bottom:10px;border-collapse:collapse;empty-cells:show}th,td {border:1px solid #009;padding:.25em .5em}th {vertical-align:bottom}td {vertical-align:top}table a {font-weight:bold}.stripe td {background-color: #E6EBF9}.num {text-align:right}.passedodd td {background-color: #3F3}.passedeven td {background-color: #0A0}.skippedodd td {background-color: #DDD}.skippedeven td {background-color: #CCC}.failedodd td,.attn {background-color: #F33}.failedeven td,.stripe .attn {background-color: #D00}.stacktrace {white-space:pre;font-family:monospace}.totop {font-size:85%;text-align:center;border-bottom:2px solid #000}</style></head><body><table><tr><th>Test</th><th># Passed</th><th># Skipped</th><th># Failed</th><th>Time (ms)</th><th>Included Groups</th><th>Excluded Groups</th></tr><tr><th colspan="7">Suite</th></tr><tr><td><a href="#t0">Submit Order Test</a></td><td class="num">2</td><td class="num attn">1</td><td class="num">0</td><td class="num">27,943</td><td></td><td></td></tr><tr class="stripe"><td><a href="#t1">Error Validation Tests</a></td><td class="num">1</td><td class="num">0</td><td class="num attn">1</td><td class="num">29,029</td><td></td><td></td></tr><tr><th>Total</th><th class="num">3</th><th class="num attn">1</th><th class="num attn">1</th><th class="num">56,972</th><th colspan="2"></th></tr></table><table><thead><tr><th>Class</th><th>Method</th><th>Start</th><th>Time (ms)</th></tr></thead><tbody><tr><th colspan="4">Suite</th></tr></tbody><tbody id="t0"><tr><th colspan="4">Submit Order Test &#8212; skipped</th></tr><tr class="skippedeven"><td rowspan="1">vjacademy.tests.SubmitOrderTest</td><td><a href="#m0">orderHistoryTest</a></td><td rowspan="1">1706802833404</td><td rowspan="1">0</td></tr><tr><th colspan="4">Submit Order Test &#8212; passed</th></tr><tr class="passedeven"><td rowspan="2">vjacademy.tests.SubmitOrderTest</td><td><a href="#m1">submitOrder</a></td><td rowspan="2">1706802813318</td><td rowspan="2">8273</td></tr><tr class="passedeven"><td><a href="#m2">submitOrder</a></td></tr></tbody><tbody id="t1"><tr><th colspan="4">Error Validation Tests &#8212; failed</th></tr><tr class="failedeven"><td rowspan="1">vjacademy.tests.ErrorValidationTests</td><td><a href="#m3">LoginErrorValidation</a></td><td rowspan="1">1706802842203</td><td rowspan="1">912</td></tr><tr><th colspan="4">Error Validation Tests &#8212; passed</th></tr><tr class="passedeven"><td rowspan="1">vjacademy.tests.ErrorValidationTests</td><td><a href="#m4">ProductErrorValidation</a></td><td rowspan="1">1706802852865</td><td rowspan="1">9784</td></tr></tbody></table><h2>Submit Order Test</h2><h3 id="m0">vjacademy.tests.SubmitOrderTest#orderHistoryTest</h3><table class="result"><tr><th>Exception</th></tr><tr><td><div class="stacktrace">org.testng.TestNGException: 
Method orderHistoryTest requires 1 parameters but 0 were supplied in the @Test annotation.
... Removed 23 stack frames</div></td></tr></table><p class="totop"><a href="#summary">back to summary</a></p><h3 id="m1">vjacademy.tests.SubmitOrderTest#submitOrder</h3><table class="result"><tr class="param"><th>Parameter #1</th></tr><tr class="param stripe"><td>{pname=IPHONE, pwd=Hunt4@job, email=vjcrypto1010@gmail.com}</td></tr></table><p class="totop"><a href="#summary">back to summary</a></p><h3 id="m2">vjacademy.tests.SubmitOrderTest#submitOrder</h3><table class="result"><tr class="param"><th>Parameter #1</th></tr><tr class="param stripe"><td>{pname=ZARA, pwd=Hunt4@job, email=vijay@gmail.com}</td></tr></table><p class="totop"><a href="#summary">back to summary</a></p><h2>Error Validation Tests</h2><h3 id="m3">vjacademy.tests.ErrorValidationTests#LoginErrorValidation</h3><table class="result"><tr><th>Exception</th></tr><tr><td><div class="stacktrace">java.lang.AssertionError: expected [Incorrect email or password.] but found [Incorrect emafil or password.]
	at vjacademy.tests.ErrorValidationTests.LoginErrorValidation(ErrorValidationTests.java:25)
... Removed 28 stack frames</div></td></tr></table><p class="totop"><a href="#summary">back to summary</a></p><h3 id="m4">vjacademy.tests.ErrorValidationTests#ProductErrorValidation</h3><table class="result"></table><p class="totop"><a href="#summary">back to summary</a></p></body></html>